2024-01-07 00:00:40.355  INFO 44363 --- [http-nio-8080-exec-2] o.a.c.c.C.[Tomcat].[localhost].[/]       : Initializing Spring DispatcherServlet 'dispatcherServlet'
2024-01-07 00:00:40.361  INFO 44363 --- [http-nio-8080-exec-2] o.s.web.servlet.DispatcherServlet        : Initializing Servlet 'dispatcherServlet'
2024-01-07 00:00:40.367  INFO 44363 --- [http-nio-8080-exec-2] o.s.web.servlet.DispatcherServlet        : Completed initialization in 4 ms
2024-01-07 00:00:41.158 ERROR 44363 --- [http-nio-8080-exec-2] o.a.c.c.C.[.[.[/].[dispatcherServlet]    : Servlet.service() for servlet [dispatcherServlet] in context with path [] threw exception [Request processing failed; nested exception is com.google.cloud.storage.StorageException: Error getting access token for service account: 400 Bad Request
POST https://oauth2.googleapis.com/token
{"error":"invalid_grant","error_description":"Invalid JWT: Token must be a short-lived token (60 minutes) and in a reasonable timeframe. Check your iat and exp values in the JWT claim."}, iss: firebase-adminsdk-zt4ko@edupanel-efb2b.iam.gserviceaccount.com] with root cause

com.google.api.client.http.HttpResponseException: 400 Bad Request
POST https://oauth2.googleapis.com/token
{"error":"invalid_grant","error_description":"Invalid JWT: Token must be a short-lived token (60 minutes) and in a reasonable timeframe. Check your iat and exp values in the JWT claim."}
	at com.google.api.client.http.HttpResponseException$Builder.build(HttpResponseException.java:293) ~[google-http-client-1.43.1.jar:1.43.1]
	at com.google.api.client.http.HttpRequest.execute(HttpRequest.java:1118) ~[google-http-client-1.43.1.jar:1.43.1]
	at com.google.auth.oauth2.ServiceAccountCredentials.refreshAccessToken(ServiceAccountCredentials.java:538) ~[google-auth-library-oauth2-http-1.17.0.jar:na]
	at com.google.auth.oauth2.OAuth2Credentials$1.call(OAuth2Credentials.java:269) ~[google-auth-library-oauth2-http-1.17.0.jar:na]
	at com.google.auth.oauth2.OAuth2Credentials$1.call(OAuth2Credentials.java:266) ~[google-auth-library-oauth2-http-1.17.0.jar:na]
	at java.base/java.util.concurrent.FutureTask.run(FutureTask.java:264) ~[na:na]
	at com.google.auth.oauth2.OAuth2Credentials$RefreshTask.run(OAuth2Credentials.java:633) ~[google-auth-library-oauth2-http-1.17.0.jar:na]
	at com.google.common.util.concurrent.DirectExecutor.execute(DirectExecutor.java:31) ~[guava-31.1-jre.jar:na]
	at com.google.auth.oauth2.OAuth2Credentials$AsyncRefreshResult.executeIfNew(OAuth2Credentials.java:581) ~[google-auth-library-oauth2-http-1.17.0.jar:na]
	at com.google.auth.oauth2.OAuth2Credentials.asyncFetch(OAuth2Credentials.java:232) ~[google-auth-library-oauth2-http-1.17.0.jar:na]
	at com.google.auth.oauth2.OAuth2Credentials.getRequestMetadata(OAuth2Credentials.java:182) ~[google-auth-library-oauth2-http-1.17.0.jar:na]
	at com.google.auth.oauth2.ServiceAccountCredentials.getRequestMetadata(ServiceAccountCredentials.java:938) ~[google-auth-library-oauth2-http-1.17.0.jar:na]
	at com.google.auth.http.HttpCredentialsAdapter.initialize(HttpCredentialsAdapter.java:96) ~[google-auth-library-oauth2-http-1.17.0.jar:na]
	at com.google.cloud.http.HttpTransportOptions$1.initialize(HttpTransportOptions.java:159) ~[google-cloud-core-http-2.19.0.jar:2.19.0]
	at com.google.cloud.http.CensusHttpModule$CensusHttpRequestInitializer.initialize(CensusHttpModule.java:109) ~[google-cloud-core-http-2.19.0.jar:2.19.0]
	at com.google.cloud.storage.spi.v1.HttpStorageRpc$InvocationIdInitializer.initialize(HttpStorageRpc.java:152) ~[google-cloud-storage-2.22.4.jar:2.22.4]
	at com.google.api.client.http.HttpRequestFactory.buildRequest(HttpRequestFactory.java:91) ~[google-http-client-1.43.1.jar:1.43.1]
	at com.google.api.client.googleapis.services.AbstractGoogleClientRequest.buildHttpRequest(AbstractGoogleClientRequest.java:442) ~[google-api-client-2.2.0.jar:2.2.0]
	at com.google.api.client.googleapis.services.AbstractGoogleClientRequest.executeUnparsed(AbstractGoogleClientRequest.java:552) ~[google-api-client-2.2.0.jar:2.2.0]
	at com.google.api.client.googleapis.services.AbstractGoogleClientRequest.executeUnparsed(AbstractGoogleClientRequest.java:493) ~[google-api-client-2.2.0.jar:2.2.0]
	at com.google.api.client.googleapis.services.AbstractGoogleClientRequest.execute(AbstractGoogleClientRequest.java:603) ~[google-api-client-2.2.0.jar:2.2.0]
	at com.google.cloud.storage.spi.v1.HttpStorageRpc.get(HttpStorageRpc.java:521) ~[google-cloud-storage-2.22.4.jar:2.22.4]
	at com.google.cloud.storage.StorageImpl.lambda$internalGetBlob$63(StorageImpl.java:1531) ~[google-cloud-storage-2.22.4.jar:2.22.4]
	at com.google.api.gax.retrying.DirectRetryingExecutor.submit(DirectRetryingExecutor.java:103) ~[gax-2.29.0.jar:2.29.0]
	at com.google.cloud.RetryHelper.run(RetryHelper.java:76) ~[google-cloud-core-2.19.0.jar:2.19.0]
	at com.google.cloud.RetryHelper.runWithRetries(RetryHelper.java:50) ~[google-cloud-core-2.19.0.jar:2.19.0]
	at com.google.cloud.storage.Retrying.run(Retrying.java:60) ~[google-cloud-storage-2.22.4.jar:2.22.4]
	at com.google.cloud.storage.StorageImpl.run(StorageImpl.java:1470) ~[google-cloud-storage-2.22.4.jar:2.22.4]
	at com.google.cloud.storage.StorageImpl.internalGetBlob(StorageImpl.java:1529) ~[google-cloud-storage-2.22.4.jar:2.22.4]
	at com.google.cloud.storage.StorageImpl.get(StorageImpl.java:286) ~[google-cloud-storage-2.22.4.jar:2.22.4]
	at com.google.cloud.storage.Bucket.get(Bucket.java:964) ~[google-cloud-storage-2.22.4.jar:2.22.4]
	at lk.ijse.dep11.edupanel.service.custom.impl.LecturerServiceImpl.lambda$getLecturers$2(LecturerServiceImpl.java:171) ~[classes/:na]
	at java.base/java.util.stream.ReferencePipeline$3$1.accept(ReferencePipeline.java:195) ~[na:na]
	at java.base/java.util.ArrayList$ArrayListSpliterator.forEachRemaining(ArrayList.java:1655) ~[na:na]
	at java.base/java.util.stream.AbstractPipeline.copyInto(AbstractPipeline.java:484) ~[na:na]
	at java.base/java.util.stream.AbstractPipeline.wrapAndCopyInto(AbstractPipeline.java:474) ~[na:na]
	at java.base/java.util.stream.ReduceOps$ReduceOp.evaluateSequential(ReduceOps.java:913) ~[na:na]
	at java.base/java.util.stream.AbstractPipeline.evaluate(AbstractPipeline.java:234) ~[na:na]
	at java.base/java.util.stream.ReferencePipeline.collect(ReferencePipeline.java:578) ~[na:na]
	at lk.ijse.dep11.edupanel.service.custom.impl.LecturerServiceImpl.getLecturers(LecturerServiceImpl.java:174) ~[classes/:na]
	at lk.ijse.dep11.edupanel.service.custom.impl.LecturerServiceImpl$$FastClassBySpringCGLIB$$4b923bc2.invoke(<generated>) ~[classes/:na]
	at org.springframework.cglib.proxy.MethodProxy.invoke(MethodProxy.java:218) ~[spring-core-5.3.31.jar:5.3.31]
	at org.springframework.aop.framework.CglibAopProxy$CglibMethodInvocation.invokeJoinpoint(CglibAopProxy.java:792) ~[spring-aop-5.3.31.jar:5.3.31]
	at org.springframework.aop.framework.ReflectiveMethodInvocation.proceed(ReflectiveMethodInvocation.java:163) ~[spring-aop-5.3.31.jar:5.3.31]
	at org.springframework.aop.framework.CglibAopProxy$CglibMethodInvocation.proceed(CglibAopProxy.java:762) ~[spring-aop-5.3.31.jar:5.3.31]
	at org.springframework.transaction.interceptor.TransactionInterceptor$1.proceedWithInvocation(TransactionInterceptor.java:123) ~[spring-tx-5.3.31.jar:5.3.31]
	at org.springframework.transaction.interceptor.TransactionAspectSupport.invokeWithinTransaction(TransactionAspectSupport.java:388) ~[spring-tx-5.3.31.jar:5.3.31]
	at org.springframework.transaction.interceptor.TransactionInterceptor.invoke(TransactionInterceptor.java:119) ~[spring-tx-5.3.31.jar:5.3.31]
	at org.springframework.aop.framework.ReflectiveMethodInvocation.proceed(ReflectiveMethodInvocation.java:186) ~[spring-aop-5.3.31.jar:5.3.31]
	at org.springframework.aop.framework.CglibAopProxy$CglibMethodInvocation.proceed(CglibAopProxy.java:762) ~[spring-aop-5.3.31.jar:5.3.31]
	at org.springframework.aop.framework.CglibAopProxy$DynamicAdvisedInterceptor.intercept(CglibAopProxy.java:707) ~[spring-aop-5.3.31.jar:5.3.31]
	at lk.ijse.dep11.edupanel.service.custom.impl.LecturerServiceImpl$$EnhancerBySpringCGLIB$$659899a.getLecturers(<generated>) ~[classes/:na]
	at lk.ijse.dep11.edupanel.api.LecturerHttpController.getAllLecturers(LecturerHttpController.java:54) ~[classes/:na]
	at java.base/jdk.internal.reflect.NativeMethodAccessorImpl.invoke0(Native Method) ~[na:na]
	at java.base/jdk.internal.reflect.NativeMethodAccessorImpl.invoke(NativeMethodAccessorImpl.java:62) ~[na:na]
	at java.base/jdk.internal.reflect.DelegatingMethodAccessorImpl.invoke(DelegatingMethodAccessorImpl.java:43) ~[na:na]
	at java.base/java.lang.reflect.Method.invoke(Method.java:566) ~[na:na]
	at org.springframework.web.method.support.InvocableHandlerMethod.doInvoke(InvocableHandlerMethod.java:205) ~[spring-web-5.3.31.jar:5.3.31]
	at org.springframework.web.method.support.InvocableHandlerMethod.invokeForRequest(InvocableHandlerMethod.java:150) ~[spring-web-5.3.31.jar:5.3.31]
	at org.springframework.web.servlet.mvc.method.annotation.ServletInvocableHandlerMethod.invokeAndHandle(ServletInvocableHandlerMethod.java:117) ~[spring-webmvc-5.3.31.jar:5.3.31]
	at org.springframework.web.servlet.mvc.method.annotation.RequestMappingHandlerAdapter.invokeHandlerMethod(RequestMappingHandlerAdapter.java:895) ~[spring-webmvc-5.3.31.jar:5.3.31]
	at org.springframework.web.servlet.mvc.method.annotation.RequestMappingHandlerAdapter.handleInternal(RequestMappingHandlerAdapter.java:808) ~[spring-webmvc-5.3.31.jar:5.3.31]
	at org.springframework.web.servlet.mvc.method.AbstractHandlerMethodAdapter.handle(AbstractHandlerMethodAdapter.java:87) ~[spring-webmvc-5.3.31.jar:5.3.31]
	at org.springframework.web.servlet.DispatcherServlet.doDispatch(DispatcherServlet.java:1072) ~[spring-webmvc-5.3.31.jar:5.3.31]
	at org.springframework.web.servlet.DispatcherServlet.doService(DispatcherServlet.java:965) ~[spring-webmvc-5.3.31.jar:5.3.31]
	at org.springframework.web.servlet.FrameworkServlet.processRequest(FrameworkServlet.java:1006) ~[spring-webmvc-5.3.31.jar:5.3.31]
	at org.springframework.web.servlet.FrameworkServlet.doGet(FrameworkServlet.java:898) ~[spring-webmvc-5.3.31.jar:5.3.31]
	at javax.servlet.http.HttpServlet.service(HttpServlet.java:529) ~[tomcat-embed-core-9.0.83.jar:4.0.FR]
	at org.springframework.web.servlet.FrameworkServlet.service(FrameworkServlet.java:883) ~[spring-webmvc-5.3.31.jar:5.3.31]
	at javax.servlet.http.HttpServlet.service(HttpServlet.java:623) ~[tomcat-embed-core-9.0.83.jar:4.0.FR]
	at org.apache.catalina.core.ApplicationFilterChain.internalDoFilter(ApplicationFilterChain.java:209) ~[tomcat-embed-core-9.0.83.jar:9.0.83]
	at org.apache.catalina.core.ApplicationFilterChain.doFilter(ApplicationFilterChain.java:153) ~[tomcat-embed-core-9.0.83.jar:9.0.83]
	at org.apache.tomcat.websocket.server.WsFilter.doFilter(WsFilter.java:51) ~[tomcat-embed-websocket-9.0.83.jar:9.0.83]
	at org.apache.catalina.core.ApplicationFilterChain.internalDoFilter(ApplicationFilterChain.java:178) ~[tomcat-embed-core-9.0.83.jar:9.0.83]
	at org.apache.catalina.core.ApplicationFilterChain.doFilter(ApplicationFilterChain.java:153) ~[tomcat-embed-core-9.0.83.jar:9.0.83]
	at org.springframework.web.filter.RequestContextFilter.doFilterInternal(RequestContextFilter.java:100) ~[spring-web-5.3.31.jar:5.3.31]
	at org.springframework.web.filter.OncePerRequestFilter.doFilter(OncePerRequestFilter.java:117) ~[spring-web-5.3.31.jar:5.3.31]
	at org.apache.catalina.core.ApplicationFilterChain.internalDoFilter(ApplicationFilterChain.java:178) ~[tomcat-embed-core-9.0.83.jar:9.0.83]
	at org.apache.catalina.core.ApplicationFilterChain.doFilter(ApplicationFilterChain.java:153) ~[tomcat-embed-core-9.0.83.jar:9.0.83]
	at org.springframework.web.filter.FormContentFilter.doFilterInternal(FormContentFilter.java:93) ~[spring-web-5.3.31.jar:5.3.31]
	at org.springframework.web.filter.OncePerRequestFilter.doFilter(OncePerRequestFilter.java:117) ~[spring-web-5.3.31.jar:5.3.31]
	at org.apache.catalina.core.ApplicationFilterChain.internalDoFilter(ApplicationFilterChain.java:178) ~[tomcat-embed-core-9.0.83.jar:9.0.83]
	at org.apache.catalina.core.ApplicationFilterChain.doFilter(ApplicationFilterChain.java:153) ~[tomcat-embed-core-9.0.83.jar:9.0.83]
	at org.springframework.web.filter.CharacterEncodingFilter.doFilterInternal(CharacterEncodingFilter.java:201) ~[spring-web-5.3.31.jar:5.3.31]
	at org.springframework.web.filter.OncePerRequestFilter.doFilter(OncePerRequestFilter.java:117) ~[spring-web-5.3.31.jar:5.3.31]
	at org.apache.catalina.core.ApplicationFilterChain.internalDoFilter(ApplicationFilterChain.java:178) ~[tomcat-embed-core-9.0.83.jar:9.0.83]
	at org.apache.catalina.core.ApplicationFilterChain.doFilter(ApplicationFilterChain.java:153) ~[tomcat-embed-core-9.0.83.jar:9.0.83]
	at org.apache.catalina.core.StandardWrapperValve.invoke(StandardWrapperValve.java:168) ~[tomcat-embed-core-9.0.83.jar:9.0.83]
	at org.apache.catalina.core.StandardContextValve.invoke(StandardContextValve.java:90) ~[tomcat-embed-core-9.0.83.jar:9.0.83]
	at org.apache.catalina.authenticator.AuthenticatorBase.invoke(AuthenticatorBase.java:481) ~[tomcat-embed-core-9.0.83.jar:9.0.83]
	at org.apache.catalina.core.StandardHostValve.invoke(StandardHostValve.java:130) ~[tomcat-embed-core-9.0.83.jar:9.0.83]
	at org.apache.catalina.valves.ErrorReportValve.invoke(ErrorReportValve.java:93) ~[tomcat-embed-core-9.0.83.jar:9.0.83]
	at org.apache.catalina.core.StandardEngineValve.invoke(StandardEngineValve.java:74) ~[tomcat-embed-core-9.0.83.jar:9.0.83]
	at org.apache.catalina.connector.CoyoteAdapter.service(CoyoteAdapter.java:342) ~[tomcat-embed-core-9.0.83.jar:9.0.83]
	at org.apache.coyote.http11.Http11Processor.service(Http11Processor.java:390) ~[tomcat-embed-core-9.0.83.jar:9.0.83]
	at org.apache.coyote.AbstractProcessorLight.process(AbstractProcessorLight.java:63) ~[tomcat-embed-core-9.0.83.jar:9.0.83]
	at org.apache.coyote.AbstractProtocol$ConnectionHandler.process(AbstractProtocol.java:928) ~[tomcat-embed-core-9.0.83.jar:9.0.83]
	at org.apache.tomcat.util.net.NioEndpoint$SocketProcessor.doRun(NioEndpoint.java:1794) ~[tomcat-embed-core-9.0.83.jar:9.0.83]
	at org.apache.tomcat.util.net.SocketProcessorBase.run(SocketProcessorBase.java:52) ~[tomcat-embed-core-9.0.83.jar:9.0.83]
	at org.apache.tomcat.util.threads.ThreadPoolExecutor.runWorker(ThreadPoolExecutor.java:1191) ~[tomcat-embed-core-9.0.83.jar:9.0.83]
	at org.apache.tomcat.util.threads.ThreadPoolExecutor$Worker.run(ThreadPoolExecutor.java:659) ~[tomcat-embed-core-9.0.83.jar:9.0.83]
	at org.apache.tomcat.util.threads.TaskThread$WrappingRunnable.run(TaskThread.java:61) ~[tomcat-embed-core-9.0.83.jar:9.0.83]
	at java.base/java.lang.Thread.run(Thread.java:834) ~[na:na]

2024-01-06 09:44:09.110  INFO 44363 --- [File Watcher] rtingClassPathChangeChangedEventListener : Restarting due to 1 class path change (0 additions, 1 deletion, 0 modifications)
2024-01-06 09:44:09.113  INFO 44363 --- [Thread-11] o.apache.catalina.core.StandardService   : Stopping service [Tomcat]
2024-01-06 09:44:09.115  INFO 44363 --- [Thread-11] o.a.c.c.C.[Tomcat].[localhost].[/]       : Destroying Spring FrameworkServlet 'dispatcherServlet'
2024-01-06 09:44:09.123  WARN 44363 --- [Thread-11] o.a.c.loader.WebappClassLoaderBase       : The web application [ROOT] appears to have started a thread named [logback-1] but has failed to stop it. This is very likely to create a memory leak. Stack trace of thread:
 java.base@11.0.15/jdk.internal.misc.Unsafe.park(Native Method)
 java.base@11.0.15/java.util.concurrent.locks.LockSupport.park(LockSupport.java:194)
 java.base@11.0.15/java.util.concurrent.locks.AbstractQueuedSynchronizer$ConditionObject.await(AbstractQueuedSynchronizer.java:2081)
 java.base@11.0.15/java.util.concurrent.ScheduledThreadPoolExecutor$DelayedWorkQueue.take(ScheduledThreadPoolExecutor.java:1170)
 java.base@11.0.15/java.util.concurrent.ScheduledThreadPoolExecutor$DelayedWorkQueue.take(ScheduledThreadPoolExecutor.java:899)
 java.base@11.0.15/java.util.concurrent.ThreadPoolExecutor.getTask(ThreadPoolExecutor.java:1054)
 java.base@11.0.15/java.util.concurrent.ThreadPoolExecutor.runWorker(ThreadPoolExecutor.java:1114)
 java.base@11.0.15/java.util.concurrent.ThreadPoolExecutor$Worker.run(ThreadPoolExecutor.java:628)
 java.base@11.0.15/java.lang.Thread.run(Thread.java:834)
2024-01-06 09:44:09.124  WARN 44363 --- [Thread-11] o.a.c.loader.WebappClassLoaderBase       : The web application [ROOT] appears to have started a thread named [logback-2] but has failed to stop it. This is very likely to create a memory leak. Stack trace of thread:
 java.base@11.0.15/jdk.internal.misc.Unsafe.park(Native Method)
 java.base@11.0.15/java.util.concurrent.locks.LockSupport.park(LockSupport.java:194)
 java.base@11.0.15/java.util.concurrent.locks.AbstractQueuedSynchronizer$ConditionObject.await(AbstractQueuedSynchronizer.java:2081)
 java.base@11.0.15/java.util.concurrent.ScheduledThreadPoolExecutor$DelayedWorkQueue.take(ScheduledThreadPoolExecutor.java:1170)
 java.base@11.0.15/java.util.concurrent.ScheduledThreadPoolExecutor$DelayedWorkQueue.take(ScheduledThreadPoolExecutor.java:899)
 java.base@11.0.15/java.util.concurrent.ThreadPoolExecutor.getTask(ThreadPoolExecutor.java:1054)
 java.base@11.0.15/java.util.concurrent.ThreadPoolExecutor.runWorker(ThreadPoolExecutor.java:1114)
 java.base@11.0.15/java.util.concurrent.ThreadPoolExecutor$Worker.run(ThreadPoolExecutor.java:628)
 java.base@11.0.15/java.lang.Thread.run(Thread.java:834)
2024-01-06 09:44:09.131  INFO 44363 --- [Thread-11] j.LocalContainerEntityManagerFactoryBean : Closing JPA EntityManagerFactory for persistence unit 'default'
2024-01-06 09:44:09.136  INFO 44363 --- [Thread-11] com.zaxxer.hikari.HikariDataSource       : HikariPool-3 - Shutdown initiated...
2024-01-06 09:44:09.156  INFO 44363 --- [Thread-11] com.zaxxer.hikari.HikariDataSource       : HikariPool-3 - Shutdown completed.
2024-01-06 09:44:09.376  INFO 44363 --- [restartedMain] lk.ijse.dep11.edupanel.AppInitializer    : Starting AppInitializer using Java 11.0.15 on sura-boy-pc with PID 44363 (/home/ranjith-suranga/Documents/dep-11/final-phase/final-project/back-ends/edupanel-java-api/target/classes started by ranjith-suranga in /home/ranjith-suranga/Documents/dep-11/final-phase/final-project/back-ends/edupanel-java-api)
2024-01-06 09:44:09.376  INFO 44363 --- [restartedMain] lk.ijse.dep11.edupanel.AppInitializer    : No active profile set, falling back to 1 default profile: "default"
2024-01-06 09:44:09.723  INFO 44363 --- [restartedMain] .s.d.r.c.RepositoryConfigurationDelegate : Bootstrapping Spring Data JPA repositories in DEFAULT mode.
2024-01-06 09:44:09.751  INFO 44363 --- [restartedMain] .s.d.r.c.RepositoryConfigurationDelegate : Finished Spring Data repository scanning in 27 ms. Found 3 JPA repository interfaces.
2024-01-06 09:44:09.978  INFO 44363 --- [restartedMain] o.s.b.w.embedded.tomcat.TomcatWebServer  : Tomcat initialized with port(s): 8080 (http)
2024-01-06 09:44:09.979  INFO 44363 --- [restartedMain] o.apache.catalina.core.StandardService   : Starting service [Tomcat]
2024-01-06 09:44:09.979  INFO 44363 --- [restartedMain] org.apache.catalina.core.StandardEngine  : Starting Servlet engine: [Apache Tomcat/9.0.83]
2024-01-06 09:44:09.996  INFO 44363 --- [restartedMain] o.a.c.c.C.[Tomcat].[localhost].[/]       : Initializing Spring embedded WebApplicationContext
2024-01-06 09:44:09.997  INFO 44363 --- [restartedMain] w.s.c.ServletWebServerApplicationContext : Root WebApplicationContext: initialization completed in 616 ms
2024-01-06 09:44:10.060  INFO 44363 --- [restartedMain] com.zaxxer.hikari.HikariDataSource       : HikariPool-4 - Starting...
2024-01-06 09:44:10.097  INFO 44363 --- [restartedMain] com.zaxxer.hikari.HikariDataSource       : HikariPool-4 - Start completed.
2024-01-06 09:44:10.102  INFO 44363 --- [restartedMain] o.hibernate.jpa.internal.util.LogHelper  : HHH000204: Processing PersistenceUnitInfo [name: default]
2024-01-06 09:44:10.111  INFO 44363 --- [restartedMain] org.hibernate.dialect.Dialect            : HHH000400: Using dialect: org.hibernate.dialect.MySQL8Dialect
2024-01-06 09:44:10.241  INFO 44363 --- [restartedMain] o.h.e.t.j.p.i.JtaPlatformInitiator       : HHH000490: Using JtaPlatform implementation: [org.hibernate.engine.transaction.jta.platform.internal.NoJtaPlatform]
2024-01-06 09:44:10.241  INFO 44363 --- [restartedMain] j.LocalContainerEntityManagerFactoryBean : Initialized JPA EntityManagerFactory for persistence unit 'default'
2024-01-06 09:44:10.429  WARN 44363 --- [restartedMain] ConfigServletWebServerApplicationContext : Exception encountered during context initialization - cancelling refresh attempt: org.springframework.beans.factory.UnsatisfiedDependencyException: Error creating bean with name 'lecturerHttpController': Unsatisfied dependency expressed through field 'lecturerService'; nested exception is org.springframework.beans.factory.UnsatisfiedDependencyException: Error creating bean with name 'lecturerServiceImpl' defined in file [/home/ranjith-suranga/Documents/dep-11/final-phase/final-project/back-ends/edupanel-java-api/target/classes/lk/ijse/dep11/edupanel/service/custom/impl/LecturerServiceImpl.class]: Unsatisfied dependency expressed through constructor parameter 0; nested exception is org.springframework.beans.factory.BeanCreationException: Error creating bean with name 'lecturerRepository' defined in lk.ijse.dep11.edupanel.repository.LecturerRepository defined in @EnableJpaRepositories declared on JpaRepositoriesRegistrar.EnableJpaRepositoriesConfiguration: Invocation of init method failed; nested exception is org.springframework.data.repository.query.QueryCreationException: Could not create query for public abstract java.util.List lk.ijse.dep11.edupanel.repository.LecturerRepository.findVisitingLectures(); Reason: Failed to create query for method public abstract java.util.List lk.ijse.dep11.edupanel.repository.LecturerRepository.findVisitingLectures()! No property 'findVisitingLectures' found for type 'Lecturer'; nested exception is java.lang.IllegalArgumentException: Failed to create query for method public abstract java.util.List lk.ijse.dep11.edupanel.repository.LecturerRepository.findVisitingLectures()! No property 'findVisitingLectures' found for type 'Lecturer'
2024-01-06 09:44:10.430  INFO 44363 --- [restartedMain] j.LocalContainerEntityManagerFactoryBean : Closing JPA EntityManagerFactory for persistence unit 'default'
2024-01-06 09:44:10.431  INFO 44363 --- [restartedMain] com.zaxxer.hikari.HikariDataSource       : HikariPool-4 - Shutdown initiated...
2024-01-06 09:44:10.542  INFO 44363 --- [restartedMain] com.zaxxer.hikari.HikariDataSource       : HikariPool-4 - Shutdown completed.
2024-01-06 09:44:10.545  INFO 44363 --- [restartedMain] o.apache.catalina.core.StandardService   : Stopping service [Tomcat]
2024-01-06 09:44:10.565  INFO 44363 --- [restartedMain] ConditionEvaluationReportLoggingListener : 

Error starting ApplicationContext. To display the conditions report re-run your application with 'debug' enabled.
2024-01-06 09:44:10.654 ERROR 44363 --- [restartedMain] o.s.boot.SpringApplication               : Application run failed

org.springframework.beans.factory.UnsatisfiedDependencyException: Error creating bean with name 'lecturerHttpController': Unsatisfied dependency expressed through field 'lecturerService'; nested exception is org.springframework.beans.factory.UnsatisfiedDependencyException: Error creating bean with name 'lecturerServiceImpl' defined in file [/home/ranjith-suranga/Documents/dep-11/final-phase/final-project/back-ends/edupanel-java-api/target/classes/lk/ijse/dep11/edupanel/service/custom/impl/LecturerServiceImpl.class]: Unsatisfied dependency expressed through constructor parameter 0; nested exception is org.springframework.beans.factory.BeanCreationException: Error creating bean with name 'lecturerRepository' defined in lk.ijse.dep11.edupanel.repository.LecturerRepository defined in @EnableJpaRepositories declared on JpaRepositoriesRegistrar.EnableJpaRepositoriesConfiguration: Invocation of init method failed; nested exception is org.springframework.data.repository.query.QueryCreationException: Could not create query for public abstract java.util.List lk.ijse.dep11.edupanel.repository.LecturerRepository.findVisitingLectures(); Reason: Failed to create query for method public abstract java.util.List lk.ijse.dep11.edupanel.repository.LecturerRepository.findVisitingLectures()! No property 'findVisitingLectures' found for type 'Lecturer'; nested exception is java.lang.IllegalArgumentException: Failed to create query for method public abstract java.util.List lk.ijse.dep11.edupanel.repository.LecturerRepository.findVisitingLectures()! No property 'findVisitingLectures' found for type 'Lecturer'
	at org.springframework.beans.factory.annotation.AutowiredAnnotationBeanPostProcessor$AutowiredFieldElement.resolveFieldValue(AutowiredAnnotationBeanPostProcessor.java:713) ~[spring-beans-5.3.31.jar:5.3.31]
	at org.springframework.beans.factory.annotation.AutowiredAnnotationBeanPostProcessor$AutowiredFieldElement.inject(AutowiredAnnotationBeanPostProcessor.java:693) ~[spring-beans-5.3.31.jar:5.3.31]
	at org.springframework.beans.factory.annotation.InjectionMetadata.inject(InjectionMetadata.java:119) ~[spring-beans-5.3.31.jar:5.3.31]
	at org.springframework.beans.factory.annotation.AutowiredAnnotationBeanPostProcessor.postProcessProperties(AutowiredAnnotationBeanPostProcessor.java:408) ~[spring-beans-5.3.31.jar:5.3.31]
	at org.springframework.beans.factory.support.AbstractAutowireCapableBeanFactory.populateBean(AbstractAutowireCapableBeanFactory.java:1431) ~[spring-beans-5.3.31.jar:5.3.31]
	at org.springframework.beans.factory.support.AbstractAutowireCapableBeanFactory.doCreateBean(AbstractAutowireCapableBeanFactory.java:619) ~[spring-beans-5.3.31.jar:5.3.31]
	at org.springframework.beans.factory.support.AbstractAutowireCapableBeanFactory.createBean(AbstractAutowireCapableBeanFactory.java:542) ~[spring-beans-5.3.31.jar:5.3.31]
	at org.springframework.beans.factory.support.AbstractBeanFactory.lambda$doGetBean$0(AbstractBeanFactory.java:335) ~[spring-beans-5.3.31.jar:5.3.31]
	at org.springframework.beans.factory.support.DefaultSingletonBeanRegistry.getSingleton(DefaultSingletonBeanRegistry.java:234) ~[spring-beans-5.3.31.jar:5.3.31]
	at org.springframework.beans.factory.support.AbstractBeanFactory.doGetBean(AbstractBeanFactory.java:333) ~[spring-beans-5.3.31.jar:5.3.31]
	at org.springframework.beans.factory.support.AbstractBeanFactory.getBean(AbstractBeanFactory.java:208) ~[spring-beans-5.3.31.jar:5.3.31]
	at org.springframework.beans.factory.support.DefaultListableBeanFactory.preInstantiateSingletons(DefaultListableBeanFactory.java:955) ~[spring-beans-5.3.31.jar:5.3.31]
	at org.springframework.context.support.AbstractApplicationContext.finishBeanFactoryInitialization(AbstractApplicationContext.java:929) ~[spring-context-5.3.31.jar:5.3.31]
	at org.springframework.context.support.AbstractApplicationContext.refresh(AbstractApplicationContext.java:591) ~[spring-context-5.3.31.jar:5.3.31]
	at org.springframework.boot.web.servlet.context.ServletWebServerApplicationContext.refresh(ServletWebServerApplicationContext.java:147) ~[spring-boot-2.7.18.jar:2.7.18]
	at org.springframework.boot.SpringApplication.refresh(SpringApplication.java:732) ~[spring-boot-2.7.18.jar:2.7.18]
	at org.springframework.boot.SpringApplication.refreshContext(SpringApplication.java:409) ~[spring-boot-2.7.18.jar:2.7.18]
	at org.springframework.boot.SpringApplication.run(SpringApplication.java:308) ~[spring-boot-2.7.18.jar:2.7.18]
	at org.springframework.boot.SpringApplication.run(SpringApplication.java:1300) ~[spring-boot-2.7.18.jar:2.7.18]
	at org.springframework.boot.SpringApplication.run(SpringApplication.java:1289) ~[spring-boot-2.7.18.jar:2.7.18]
	at lk.ijse.dep11.edupanel.AppInitializer.main(AppInitializer.java:25) ~[classes/:na]
	at java.base/jdk.internal.reflect.NativeMethodAccessorImpl.invoke0(Native Method) ~[na:na]
	at java.base/jdk.internal.reflect.NativeMethodAccessorImpl.invoke(NativeMethodAccessorImpl.java:62) ~[na:na]
	at java.base/jdk.internal.reflect.DelegatingMethodAccessorImpl.invoke(DelegatingMethodAccessorImpl.java:43) ~[na:na]
	at java.base/java.lang.reflect.Method.invoke(Method.java:566) ~[na:na]
	at org.springframework.boot.devtools.restart.RestartLauncher.run(RestartLauncher.java:50) ~[spring-boot-devtools-2.7.18.jar:2.7.18]
Caused by: org.springframework.beans.factory.UnsatisfiedDependencyException: Error creating bean with name 'lecturerServiceImpl' defined in file [/home/ranjith-suranga/Documents/dep-11/final-phase/final-project/back-ends/edupanel-java-api/target/classes/lk/ijse/dep11/edupanel/service/custom/impl/LecturerServiceImpl.class]: Unsatisfied dependency expressed through constructor parameter 0; nested exception is org.springframework.beans.factory.BeanCreationException: Error creating bean with name 'lecturerRepository' defined in lk.ijse.dep11.edupanel.repository.LecturerRepository defined in @EnableJpaRepositories declared on JpaRepositoriesRegistrar.EnableJpaRepositoriesConfiguration: Invocation of init method failed; nested exception is org.springframework.data.repository.query.QueryCreationException: Could not create query for public abstract java.util.List lk.ijse.dep11.edupanel.repository.LecturerRepository.findVisitingLectures(); Reason: Failed to create query for method public abstract java.util.List lk.ijse.dep11.edupanel.repository.LecturerRepository.findVisitingLectures()! No property 'findVisitingLectures' found for type 'Lecturer'; nested exception is java.lang.IllegalArgumentException: Failed to create query for method public abstract java.util.List lk.ijse.dep11.edupanel.repository.LecturerRepository.findVisitingLectures()! No property 'findVisitingLectures' found for type 'Lecturer'
	at org.springframework.beans.factory.support.ConstructorResolver.createArgumentArray(ConstructorResolver.java:801) ~[spring-beans-5.3.31.jar:5.3.31]
	at org.springframework.beans.factory.support.ConstructorResolver.autowireConstructor(ConstructorResolver.java:224) ~[spring-beans-5.3.31.jar:5.3.31]
	at org.springframework.beans.factory.support.AbstractAutowireCapableBeanFactory.autowireConstructor(AbstractAutowireCapableBeanFactory.java:1372) ~[spring-beans-5.3.31.jar:5.3.31]
	at org.springframework.beans.factory.support.AbstractAutowireCapableBeanFactory.createBeanInstance(AbstractAutowireCapableBeanFactory.java:1222) ~[spring-beans-5.3.31.jar:5.3.31]
	at org.springframework.beans.factory.support.AbstractAutowireCapableBeanFactory.doCreateBean(AbstractAutowireCapableBeanFactory.java:582) ~[spring-beans-5.3.31.jar:5.3.31]
	at org.springframework.beans.factory.support.AbstractAutowireCapableBeanFactory.createBean(AbstractAutowireCapableBeanFactory.java:542) ~[spring-beans-5.3.31.jar:5.3.31]
	at org.springframework.beans.factory.support.AbstractBeanFactory.lambda$doGetBean$0(AbstractBeanFactory.java:335) ~[spring-beans-5.3.31.jar:5.3.31]
	at org.springframework.beans.factory.support.DefaultSingletonBeanRegistry.getSingleton(DefaultSingletonBeanRegistry.java:234) ~[spring-beans-5.3.31.jar:5.3.31]
	at org.springframework.beans.factory.support.AbstractBeanFactory.doGetBean(AbstractBeanFactory.java:333) ~[spring-beans-5.3.31.jar:5.3.31]
	at org.springframework.beans.factory.support.AbstractBeanFactory.getBean(AbstractBeanFactory.java:208) ~[spring-beans-5.3.31.jar:5.3.31]
	at org.springframework.beans.factory.config.DependencyDescriptor.resolveCandidate(DependencyDescriptor.java:276) ~[spring-beans-5.3.31.jar:5.3.31]
	at org.springframework.beans.factory.support.DefaultListableBeanFactory.doResolveDependency(DefaultListableBeanFactory.java:1391) ~[spring-beans-5.3.31.jar:5.3.31]
	at org.springframework.beans.factory.support.DefaultListableBeanFactory.resolveDependency(DefaultListableBeanFactory.java:1311) ~[spring-beans-5.3.31.jar:5.3.31]
	at org.springframework.beans.factory.annotation.AutowiredAnnotationBeanPostProcessor$AutowiredFieldElement.resolveFieldValue(AutowiredAnnotationBeanPostProcessor.java:710) ~[spring-beans-5.3.31.jar:5.3.31]
	... 25 common frames omitted
Caused by: org.springframework.beans.factory.BeanCreationException: Error creating bean with name 'lecturerRepository' defined in lk.ijse.dep11.edupanel.repository.LecturerRepository defined in @EnableJpaRepositories declared on JpaRepositoriesRegistrar.EnableJpaRepositoriesConfiguration: Invocation of init method failed; nested exception is org.springframework.data.repository.query.QueryCreationException: Could not create query for public abstract java.util.List lk.ijse.dep11.edupanel.repository.LecturerRepository.findVisitingLectures(); Reason: Failed to create query for method public abstract java.util.List lk.ijse.dep11.edupanel.repository.LecturerRepository.findVisitingLectures()! No property 'findVisitingLectures' found for type 'Lecturer'; nested exception is java.lang.IllegalArgumentException: Failed to create query for method public abstract java.util.List lk.ijse.dep11.edupanel.repository.LecturerRepository.findVisitingLectures()! No property 'findVisitingLectures' found for type 'Lecturer'
	at org.springframework.beans.factory.support.AbstractAutowireCapableBeanFactory.initializeBean(AbstractAutowireCapableBeanFactory.java:1804) ~[spring-beans-5.3.31.jar:5.3.31]
	at org.springframework.beans.factory.support.AbstractAutowireCapableBeanFactory.doCreateBean(AbstractAutowireCapableBeanFactory.java:620) ~[spring-beans-5.3.31.jar:5.3.31]
	at org.springframework.beans.factory.support.AbstractAutowireCapableBeanFactory.createBean(AbstractAutowireCapableBeanFactory.java:542) ~[spring-beans-5.3.31.jar:5.3.31]
	at org.springframework.beans.factory.support.AbstractBeanFactory.lambda$doGetBean$0(AbstractBeanFactory.java:335) ~[spring-beans-5.3.31.jar:5.3.31]
	at org.springframework.beans.factory.support.DefaultSingletonBeanRegistry.getSingleton(DefaultSingletonBeanRegistry.java:234) ~[spring-beans-5.3.31.jar:5.3.31]
	at org.springframework.beans.factory.support.AbstractBeanFactory.doGetBean(AbstractBeanFactory.java:333) ~[spring-beans-5.3.31.jar:5.3.31]
	at org.springframework.beans.factory.support.AbstractBeanFactory.getBean(AbstractBeanFactory.java:208) ~[spring-beans-5.3.31.jar:5.3.31]
	at org.springframework.beans.factory.config.DependencyDescriptor.resolveCandidate(DependencyDescriptor.java:276) ~[spring-beans-5.3.31.jar:5.3.31]
	at org.springframework.beans.factory.support.DefaultListableBeanFactory.doResolveDependency(DefaultListableBeanFactory.java:1391) ~[spring-beans-5.3.31.jar:5.3.31]
	at org.springframework.beans.factory.support.DefaultListableBeanFactory.resolveDependency(DefaultListableBeanFactory.java:1311) ~[spring-beans-5.3.31.jar:5.3.31]
	at org.springframework.beans.factory.support.ConstructorResolver.resolveAutowiredArgument(ConstructorResolver.java:911) ~[spring-beans-5.3.31.jar:5.3.31]
	at org.springframework.beans.factory.support.ConstructorResolver.createArgumentArray(ConstructorResolver.java:788) ~[spring-beans-5.3.31.jar:5.3.31]
	... 38 common frames omitted
Caused by: org.springframework.data.repository.query.QueryCreationException: Could not create query for public abstract java.util.List lk.ijse.dep11.edupanel.repository.LecturerRepository.findVisitingLectures(); Reason: Failed to create query for method public abstract java.util.List lk.ijse.dep11.edupanel.repository.LecturerRepository.findVisitingLectures()! No property 'findVisitingLectures' found for type 'Lecturer'; nested exception is java.lang.IllegalArgumentException: Failed to create query for method public abstract java.util.List lk.ijse.dep11.edupanel.repository.LecturerRepository.findVisitingLectures()! No property 'findVisitingLectures' found for type 'Lecturer'
	at org.springframework.data.repository.query.QueryCreationException.create(QueryCreationException.java:101) ~[spring-data-commons-2.7.18.jar:2.7.18]
	at org.springframework.data.repository.core.support.QueryExecutorMethodInterceptor.lookupQuery(QueryExecutorMethodInterceptor.java:107) ~[spring-data-commons-2.7.18.jar:2.7.18]
	at org.springframework.data.repository.core.support.QueryExecutorMethodInterceptor.lambda$mapMethodsToQuery$1(QueryExecutorMethodInterceptor.java:95) ~[spring-data-commons-2.7.18.jar:2.7.18]
	at java.base/java.util.stream.ReferencePipeline$3$1.accept(ReferencePipeline.java:195) ~[na:na]
	at java.base/java.util.Iterator.forEachRemaining(Iterator.java:133) ~[na:na]
	at java.base/java.util.Collections$UnmodifiableCollection$1.forEachRemaining(Collections.java:1054) ~[na:na]
	at java.base/java.util.Spliterators$IteratorSpliterator.forEachRemaining(Spliterators.java:1801) ~[na:na]
	at java.base/java.util.stream.AbstractPipeline.copyInto(AbstractPipeline.java:484) ~[na:na]
	at java.base/java.util.stream.AbstractPipeline.wrapAndCopyInto(AbstractPipeline.java:474) ~[na:na]
	at java.base/java.util.stream.ReduceOps$ReduceOp.evaluateSequential(ReduceOps.java:913) ~[na:na]
	at java.base/java.util.stream.AbstractPipeline.evaluate(AbstractPipeline.java:234) ~[na:na]
	at java.base/java.util.stream.ReferencePipeline.collect(ReferencePipeline.java:578) ~[na:na]
	at org.springframework.data.repository.core.support.QueryExecutorMethodInterceptor.mapMethodsToQuery(QueryExecutorMethodInterceptor.java:97) ~[spring-data-commons-2.7.18.jar:2.7.18]
	at org.springframework.data.repository.core.support.QueryExecutorMethodInterceptor.lambda$new$0(QueryExecutorMethodInterceptor.java:87) ~[spring-data-commons-2.7.18.jar:2.7.18]
	at java.base/java.util.Optional.map(Optional.java:265) ~[na:na]
	at org.springframework.data.repository.core.support.QueryExecutorMethodInterceptor.<init>(QueryExecutorMethodInterceptor.java:87) ~[spring-data-commons-2.7.18.jar:2.7.18]
	at org.springframework.data.repository.core.support.RepositoryFactorySupport.getRepository(RepositoryFactorySupport.java:365) ~[spring-data-commons-2.7.18.jar:2.7.18]
	at org.springframework.data.repository.core.support.RepositoryFactoryBeanSupport.lambda$afterPropertiesSet$5(RepositoryFactoryBeanSupport.java:323) ~[spring-data-commons-2.7.18.jar:2.7.18]
	at org.springframework.data.util.Lazy.getNullable(Lazy.java:231) ~[spring-data-commons-2.7.18.jar:2.7.18]
	at org.springframework.data.util.Lazy.get(Lazy.java:115) ~[spring-data-commons-2.7.18.jar:2.7.18]
	at org.springframework.data.repository.core.support.RepositoryFactoryBeanSupport.afterPropertiesSet(RepositoryFactoryBeanSupport.java:329) ~[spring-data-commons-2.7.18.jar:2.7.18]
	at org.springframework.data.jpa.repository.support.JpaRepositoryFactoryBean.afterPropertiesSet(JpaRepositoryFactoryBean.java:144) ~[spring-data-jpa-2.7.18.jar:2.7.18]
	at org.springframework.beans.factory.support.AbstractAutowireCapableBeanFactory.invokeInitMethods(AbstractAutowireCapableBeanFactory.java:1863) ~[spring-beans-5.3.31.jar:5.3.31]
	at org.springframework.beans.factory.support.AbstractAutowireCapableBeanFactory.initializeBean(AbstractAutowireCapableBeanFactory.java:1800) ~[spring-beans-5.3.31.jar:5.3.31]
	... 49 common frames omitted
Caused by: java.lang.IllegalArgumentException: Failed to create query for method public abstract java.util.List lk.ijse.dep11.edupanel.repository.LecturerRepository.findVisitingLectures()! No property 'findVisitingLectures' found for type 'Lecturer'
	at org.springframework.data.jpa.repository.query.PartTreeJpaQuery.<init>(PartTreeJpaQuery.java:96) ~[spring-data-jpa-2.7.18.jar:2.7.18]
	at org.springframework.data.jpa.repository.query.JpaQueryLookupStrategy$CreateQueryLookupStrategy.resolveQuery(JpaQueryLookupStrategy.java:119) ~[spring-data-jpa-2.7.18.jar:2.7.18]
	at org.springframework.data.jpa.repository.query.JpaQueryLookupStrategy$CreateIfNotFoundQueryLookupStrategy.resolveQuery(JpaQueryLookupStrategy.java:259) ~[spring-data-jpa-2.7.18.jar:2.7.18]
	at org.springframework.data.jpa.repository.query.JpaQueryLookupStrategy$AbstractQueryLookupStrategy.resolveQuery(JpaQueryLookupStrategy.java:93) ~[spring-data-jpa-2.7.18.jar:2.7.18]
	at org.springframework.data.repository.core.support.QueryExecutorMethodInterceptor.lookupQuery(QueryExecutorMethodInterceptor.java:103) ~[spring-data-commons-2.7.18.jar:2.7.18]
	... 71 common frames omitted
Caused by: org.springframework.data.mapping.PropertyReferenceException: No property 'findVisitingLectures' found for type 'Lecturer'
	at org.springframework.data.mapping.PropertyPath.<init>(PropertyPath.java:91) ~[spring-data-commons-2.7.18.jar:2.7.18]
	at org.springframework.data.mapping.PropertyPath.create(PropertyPath.java:438) ~[spring-data-commons-2.7.18.jar:2.7.18]
	at org.springframework.data.mapping.PropertyPath.create(PropertyPath.java:414) ~[spring-data-commons-2.7.18.jar:2.7.18]
	at org.springframework.data.mapping.PropertyPath.lambda$from$0(PropertyPath.java:367) ~[spring-data-commons-2.7.18.jar:2.7.18]
	at java.base/java.util.concurrent.ConcurrentMap.computeIfAbsent(ConcurrentMap.java:330) ~[na:na]
	at org.springframework.data.mapping.PropertyPath.from(PropertyPath.java:349) ~[spring-data-commons-2.7.18.jar:2.7.18]
	at org.springframework.data.mapping.PropertyPath.from(PropertyPath.java:332) ~[spring-data-commons-2.7.18.jar:2.7.18]
	at org.springframework.data.repository.query.parser.Part.<init>(Part.java:81) ~[spring-data-commons-2.7.18.jar:2.7.18]
	at org.springframework.data.repository.query.parser.PartTree$OrPart.lambda$new$0(PartTree.java:250) ~[spring-data-commons-2.7.18.jar:2.7.18]
	at java.base/java.util.stream.ReferencePipeline$3$1.accept(ReferencePipeline.java:195) ~[na:na]
	at java.base/java.util.stream.ReferencePipeline$2$1.accept(ReferencePipeline.java:177) ~[na:na]
	at java.base/java.util.Spliterators$ArraySpliterator.forEachRemaining(Spliterators.java:948) ~[na:na]
	at java.base/java.util.stream.AbstractPipeline.copyInto(AbstractPipeline.java:484) ~[na:na]
	at java.base/java.util.stream.AbstractPipeline.wrapAndCopyInto(AbstractPipeline.java:474) ~[na:na]
	at java.base/java.util.stream.ReduceOps$ReduceOp.evaluateSequential(ReduceOps.java:913) ~[na:na]
	at java.base/java.util.stream.AbstractPipeline.evaluate(AbstractPipeline.java:234) ~[na:na]
	at java.base/java.util.stream.ReferencePipeline.collect(ReferencePipeline.java:578) ~[na:na]
	at org.springframework.data.repository.query.parser.PartTree$OrPart.<init>(PartTree.java:251) ~[spring-data-commons-2.7.18.jar:2.7.18]
	at org.springframework.data.repository.query.parser.PartTree$Predicate.lambda$new$0(PartTree.java:384) ~[spring-data-commons-2.7.18.jar:2.7.18]
	at java.base/java.util.stream.ReferencePipeline$3$1.accept(ReferencePipeline.java:195) ~[na:na]
	at java.base/java.util.stream.ReferencePipeline$2$1.accept(ReferencePipeline.java:177) ~[na:na]
	at java.base/java.util.Spliterators$ArraySpliterator.forEachRemaining(Spliterators.java:948) ~[na:na]
	at java.base/java.util.stream.AbstractPipeline.copyInto(AbstractPipeline.java:484) ~[na:na]
	at java.base/java.util.stream.AbstractPipeline.wrapAndCopyInto(AbstractPipeline.java:474) ~[na:na]
	at java.base/java.util.stream.ReduceOps$ReduceOp.evaluateSequential(ReduceOps.java:913) ~[na:na]
	at java.base/java.util.stream.AbstractPipeline.evaluate(AbstractPipeline.java:234) ~[na:na]
	at java.base/java.util.stream.ReferencePipeline.collect(ReferencePipeline.java:578) ~[na:na]
	at org.springframework.data.repository.query.parser.PartTree$Predicate.<init>(PartTree.java:385) ~[spring-data-commons-2.7.18.jar:2.7.18]
	at org.springframework.data.repository.query.parser.PartTree.<init>(PartTree.java:93) ~[spring-data-commons-2.7.18.jar:2.7.18]
	at org.springframework.data.jpa.repository.query.PartTreeJpaQuery.<init>(PartTreeJpaQuery.java:89) ~[spring-data-jpa-2.7.18.jar:2.7.18]
	... 75 common frames omitted

2024-01-06 09:44:12.128  INFO 44363 --- [restartedMain] lk.ijse.dep11.edupanel.AppInitializer    : Starting AppInitializer using Java 11.0.15 on sura-boy-pc with PID 44363 (/home/ranjith-suranga/Documents/dep-11/final-phase/final-project/back-ends/edupanel-java-api/target/classes started by ranjith-suranga in /home/ranjith-suranga/Documents/dep-11/final-phase/final-project/back-ends/edupanel-java-api)
2024-01-06 09:44:12.128  INFO 44363 --- [restartedMain] lk.ijse.dep11.edupanel.AppInitializer    : No active profile set, falling back to 1 default profile: "default"
2024-01-06 09:44:12.529  INFO 44363 --- [restartedMain] .s.d.r.c.RepositoryConfigurationDelegate : Bootstrapping Spring Data JPA repositories in DEFAULT mode.
2024-01-06 09:44:12.552  INFO 44363 --- [restartedMain] .s.d.r.c.RepositoryConfigurationDelegate : Finished Spring Data repository scanning in 21 ms. Found 3 JPA repository interfaces.
2024-01-06 09:44:12.685  INFO 44363 --- [restartedMain] o.s.b.w.embedded.tomcat.TomcatWebServer  : Tomcat initialized with port(s): 8080 (http)
2024-01-06 09:44:12.686  INFO 44363 --- [restartedMain] o.apache.catalina.core.StandardService   : Starting service [Tomcat]
2024-01-06 09:44:12.687  INFO 44363 --- [restartedMain] org.apache.catalina.core.StandardEngine  : Starting Servlet engine: [Apache Tomcat/9.0.83]
2024-01-06 09:44:12.707  INFO 44363 --- [restartedMain] o.a.c.c.C.[Tomcat-1].[localhost].[/]     : Initializing Spring embedded WebApplicationContext
2024-01-06 09:44:12.707  INFO 44363 --- [restartedMain] w.s.c.ServletWebServerApplicationContext : Root WebApplicationContext: initialization completed in 571 ms
2024-01-06 09:44:12.790  INFO 44363 --- [restartedMain] com.zaxxer.hikari.HikariDataSource       : HikariPool-5 - Starting...
2024-01-06 09:44:12.843  INFO 44363 --- [restartedMain] com.zaxxer.hikari.HikariDataSource       : HikariPool-5 - Start completed.
2024-01-06 09:44:12.848  INFO 44363 --- [restartedMain] o.hibernate.jpa.internal.util.LogHelper  : HHH000204: Processing PersistenceUnitInfo [name: default]
2024-01-06 09:44:12.860  INFO 44363 --- [restartedMain] org.hibernate.dialect.Dialect            : HHH000400: Using dialect: org.hibernate.dialect.MySQL8Dialect
2024-01-06 09:44:12.995  INFO 44363 --- [restartedMain] o.h.e.t.j.p.i.JtaPlatformInitiator       : HHH000490: Using JtaPlatform implementation: [org.hibernate.engine.transaction.jta.platform.internal.NoJtaPlatform]
2024-01-06 09:44:12.995  INFO 44363 --- [restartedMain] j.LocalContainerEntityManagerFactoryBean : Initialized JPA EntityManagerFactory for persistence unit 'default'
2024-01-06 09:44:13.086  WARN 44363 --- [restartedMain] ConfigServletWebServerApplicationContext : Exception encountered during context initialization - cancelling refresh attempt: org.springframework.beans.factory.UnsatisfiedDependencyException: Error creating bean with name 'lecturerHttpController': Unsatisfied dependency expressed through field 'lecturerService'; nested exception is org.springframework.beans.factory.UnsatisfiedDependencyException: Error creating bean with name 'lecturerServiceImpl' defined in file [/home/ranjith-suranga/Documents/dep-11/final-phase/final-project/back-ends/edupanel-java-api/target/classes/lk/ijse/dep11/edupanel/service/custom/impl/LecturerServiceImpl.class]: Unsatisfied dependency expressed through constructor parameter 0; nested exception is org.springframework.beans.factory.BeanCreationException: Error creating bean with name 'lecturerRepository' defined in lk.ijse.dep11.edupanel.repository.LecturerRepository defined in @EnableJpaRepositories declared on JpaRepositoriesRegistrar.EnableJpaRepositoriesConfiguration: Invocation of init method failed; nested exception is org.springframework.data.repository.query.QueryCreationException: Could not create query for public abstract java.util.List lk.ijse.dep11.edupanel.repository.LecturerRepository.findVisitingLectures(); Reason: Failed to create query for method public abstract java.util.List lk.ijse.dep11.edupanel.repository.LecturerRepository.findVisitingLectures()! No property 'findVisitingLectures' found for type 'Lecturer'; nested exception is java.lang.IllegalArgumentException: Failed to create query for method public abstract java.util.List lk.ijse.dep11.edupanel.repository.LecturerRepository.findVisitingLectures()! No property 'findVisitingLectures' found for type 'Lecturer'
2024-01-06 09:44:13.086  INFO 44363 --- [restartedMain] j.LocalContainerEntityManagerFactoryBean : Closing JPA EntityManagerFactory for persistence unit 'default'
2024-01-06 09:44:13.086  INFO 44363 --- [restartedMain] com.zaxxer.hikari.HikariDataSource       : HikariPool-5 - Shutdown initiated...
2024-01-06 09:44:13.106  INFO 44363 --- [restartedMain] com.zaxxer.hikari.HikariDataSource       : HikariPool-5 - Shutdown completed.
2024-01-06 09:44:13.107  INFO 44363 --- [restartedMain] o.apache.catalina.core.StandardService   : Stopping service [Tomcat]
2024-01-06 09:44:13.112  INFO 44363 --- [restartedMain] ConditionEvaluationReportLoggingListener : 

Error starting ApplicationContext. To display the conditions report re-run your application with 'debug' enabled.
2024-01-06 09:44:13.117 ERROR 44363 --- [restartedMain] o.s.boot.SpringApplication               : Application run failed

org.springframework.beans.factory.UnsatisfiedDependencyException: Error creating bean with name 'lecturerHttpController': Unsatisfied dependency expressed through field 'lecturerService'; nested exception is org.springframework.beans.factory.UnsatisfiedDependencyException: Error creating bean with name 'lecturerServiceImpl' defined in file [/home/ranjith-suranga/Documents/dep-11/final-phase/final-project/back-ends/edupanel-java-api/target/classes/lk/ijse/dep11/edupanel/service/custom/impl/LecturerServiceImpl.class]: Unsatisfied dependency expressed through constructor parameter 0; nested exception is org.springframework.beans.factory.BeanCreationException: Error creating bean with name 'lecturerRepository' defined in lk.ijse.dep11.edupanel.repository.LecturerRepository defined in @EnableJpaRepositories declared on JpaRepositoriesRegistrar.EnableJpaRepositoriesConfiguration: Invocation of init method failed; nested exception is org.springframework.data.repository.query.QueryCreationException: Could not create query for public abstract java.util.List lk.ijse.dep11.edupanel.repository.LecturerRepository.findVisitingLectures(); Reason: Failed to create query for method public abstract java.util.List lk.ijse.dep11.edupanel.repository.LecturerRepository.findVisitingLectures()! No property 'findVisitingLectures' found for type 'Lecturer'; nested exception is java.lang.IllegalArgumentException: Failed to create query for method public abstract java.util.List lk.ijse.dep11.edupanel.repository.LecturerRepository.findVisitingLectures()! No property 'findVisitingLectures' found for type 'Lecturer'
	at org.springframework.beans.factory.annotation.AutowiredAnnotationBeanPostProcessor$AutowiredFieldElement.resolveFieldValue(AutowiredAnnotationBeanPostProcessor.java:713) ~[spring-beans-5.3.31.jar:5.3.31]
	at org.springframework.beans.factory.annotation.AutowiredAnnotationBeanPostProcessor$AutowiredFieldElement.inject(AutowiredAnnotationBeanPostProcessor.java:693) ~[spring-beans-5.3.31.jar:5.3.31]
	at org.springframework.beans.factory.annotation.InjectionMetadata.inject(InjectionMetadata.java:119) ~[spring-beans-5.3.31.jar:5.3.31]
	at org.springframework.beans.factory.annotation.AutowiredAnnotationBeanPostProcessor.postProcessProperties(AutowiredAnnotationBeanPostProcessor.java:408) ~[spring-beans-5.3.31.jar:5.3.31]
	at org.springframework.beans.factory.support.AbstractAutowireCapableBeanFactory.populateBean(AbstractAutowireCapableBeanFactory.java:1431) ~[spring-beans-5.3.31.jar:5.3.31]
	at org.springframework.beans.factory.support.AbstractAutowireCapableBeanFactory.doCreateBean(AbstractAutowireCapableBeanFactory.java:619) ~[spring-beans-5.3.31.jar:5.3.31]
	at org.springframework.beans.factory.support.AbstractAutowireCapableBeanFactory.createBean(AbstractAutowireCapableBeanFactory.java:542) ~[spring-beans-5.3.31.jar:5.3.31]
	at org.springframework.beans.factory.support.AbstractBeanFactory.lambda$doGetBean$0(AbstractBeanFactory.java:335) ~[spring-beans-5.3.31.jar:5.3.31]
	at org.springframework.beans.factory.support.DefaultSingletonBeanRegistry.getSingleton(DefaultSingletonBeanRegistry.java:234) ~[spring-beans-5.3.31.jar:5.3.31]
	at org.springframework.beans.factory.support.AbstractBeanFactory.doGetBean(AbstractBeanFactory.java:333) ~[spring-beans-5.3.31.jar:5.3.31]
	at org.springframework.beans.factory.support.AbstractBeanFactory.getBean(AbstractBeanFactory.java:208) ~[spring-beans-5.3.31.jar:5.3.31]
	at org.springframework.beans.factory.support.DefaultListableBeanFactory.preInstantiateSingletons(DefaultListableBeanFactory.java:955) ~[spring-beans-5.3.31.jar:5.3.31]
	at org.springframework.context.support.AbstractApplicationContext.finishBeanFactoryInitialization(AbstractApplicationContext.java:929) ~[spring-context-5.3.31.jar:5.3.31]
	at org.springframework.context.support.AbstractApplicationContext.refresh(AbstractApplicationContext.java:591) ~[spring-context-5.3.31.jar:5.3.31]
	at org.springframework.boot.web.servlet.context.ServletWebServerApplicationContext.refresh(ServletWebServerApplicationContext.java:147) ~[spring-boot-2.7.18.jar:2.7.18]
	at org.springframework.boot.SpringApplication.refresh(SpringApplication.java:732) ~[spring-boot-2.7.18.jar:2.7.18]
	at org.springframework.boot.SpringApplication.refreshContext(SpringApplication.java:409) ~[spring-boot-2.7.18.jar:2.7.18]
	at org.springframework.boot.SpringApplication.run(SpringApplication.java:308) ~[spring-boot-2.7.18.jar:2.7.18]
	at org.springframework.boot.SpringApplication.run(SpringApplication.java:1300) ~[spring-boot-2.7.18.jar:2.7.18]
	at org.springframework.boot.SpringApplication.run(SpringApplication.java:1289) ~[spring-boot-2.7.18.jar:2.7.18]
	at lk.ijse.dep11.edupanel.AppInitializer.main(AppInitializer.java:25) ~[classes/:na]
	at java.base/jdk.internal.reflect.NativeMethodAccessorImpl.invoke0(Native Method) ~[na:na]
	at java.base/jdk.internal.reflect.NativeMethodAccessorImpl.invoke(NativeMethodAccessorImpl.java:62) ~[na:na]
	at java.base/jdk.internal.reflect.DelegatingMethodAccessorImpl.invoke(DelegatingMethodAccessorImpl.java:43) ~[na:na]
	at java.base/java.lang.reflect.Method.invoke(Method.java:566) ~[na:na]
	at org.springframework.boot.devtools.restart.RestartLauncher.run(RestartLauncher.java:50) ~[spring-boot-devtools-2.7.18.jar:2.7.18]
Caused by: org.springframework.beans.factory.UnsatisfiedDependencyException: Error creating bean with name 'lecturerServiceImpl' defined in file [/home/ranjith-suranga/Documents/dep-11/final-phase/final-project/back-ends/edupanel-java-api/target/classes/lk/ijse/dep11/edupanel/service/custom/impl/LecturerServiceImpl.class]: Unsatisfied dependency expressed through constructor parameter 0; nested exception is org.springframework.beans.factory.BeanCreationException: Error creating bean with name 'lecturerRepository' defined in lk.ijse.dep11.edupanel.repository.LecturerRepository defined in @EnableJpaRepositories declared on JpaRepositoriesRegistrar.EnableJpaRepositoriesConfiguration: Invocation of init method failed; nested exception is org.springframework.data.repository.query.QueryCreationException: Could not create query for public abstract java.util.List lk.ijse.dep11.edupanel.repository.LecturerRepository.findVisitingLectures(); Reason: Failed to create query for method public abstract java.util.List lk.ijse.dep11.edupanel.repository.LecturerRepository.findVisitingLectures()! No property 'findVisitingLectures' found for type 'Lecturer'; nested exception is java.lang.IllegalArgumentException: Failed to create query for method public abstract java.util.List lk.ijse.dep11.edupanel.repository.LecturerRepository.findVisitingLectures()! No property 'findVisitingLectures' found for type 'Lecturer'
	at org.springframework.beans.factory.support.ConstructorResolver.createArgumentArray(ConstructorResolver.java:801) ~[spring-beans-5.3.31.jar:5.3.31]
	at org.springframework.beans.factory.support.ConstructorResolver.autowireConstructor(ConstructorResolver.java:224) ~[spring-beans-5.3.31.jar:5.3.31]
	at org.springframework.beans.factory.support.AbstractAutowireCapableBeanFactory.autowireConstructor(AbstractAutowireCapableBeanFactory.java:1372) ~[spring-beans-5.3.31.jar:5.3.31]
	at org.springframework.beans.factory.support.AbstractAutowireCapableBeanFactory.createBeanInstance(AbstractAutowireCapableBeanFactory.java:1222) ~[spring-beans-5.3.31.jar:5.3.31]
	at org.springframework.beans.factory.support.AbstractAutowireCapableBeanFactory.doCreateBean(AbstractAutowireCapableBeanFactory.java:582) ~[spring-beans-5.3.31.jar:5.3.31]
	at org.springframework.beans.factory.support.AbstractAutowireCapableBeanFactory.createBean(AbstractAutowireCapableBeanFactory.java:542) ~[spring-beans-5.3.31.jar:5.3.31]
	at org.springframework.beans.factory.support.AbstractBeanFactory.lambda$doGetBean$0(AbstractBeanFactory.java:335) ~[spring-beans-5.3.31.jar:5.3.31]
	at org.springframework.beans.factory.support.DefaultSingletonBeanRegistry.getSingleton(DefaultSingletonBeanRegistry.java:234) ~[spring-beans-5.3.31.jar:5.3.31]
	at org.springframework.beans.factory.support.AbstractBeanFactory.doGetBean(AbstractBeanFactory.java:333) ~[spring-beans-5.3.31.jar:5.3.31]
	at org.springframework.beans.factory.support.AbstractBeanFactory.getBean(AbstractBeanFactory.java:208) ~[spring-beans-5.3.31.jar:5.3.31]
	at org.springframework.beans.factory.config.DependencyDescriptor.resolveCandidate(DependencyDescriptor.java:276) ~[spring-beans-5.3.31.jar:5.3.31]
	at org.springframework.beans.factory.support.DefaultListableBeanFactory.doResolveDependency(DefaultListableBeanFactory.java:1391) ~[spring-beans-5.3.31.jar:5.3.31]
	at org.springframework.beans.factory.support.DefaultListableBeanFactory.resolveDependency(DefaultListableBeanFactory.java:1311) ~[spring-beans-5.3.31.jar:5.3.31]
	at org.springframework.beans.factory.annotation.AutowiredAnnotationBeanPostProcessor$AutowiredFieldElement.resolveFieldValue(AutowiredAnnotationBeanPostProcessor.java:710) ~[spring-beans-5.3.31.jar:5.3.31]
	... 25 common frames omitted
Caused by: org.springframework.beans.factory.BeanCreationException: Error creating bean with name 'lecturerRepository' defined in lk.ijse.dep11.edupanel.repository.LecturerRepository defined in @EnableJpaRepositories declared on JpaRepositoriesRegistrar.EnableJpaRepositoriesConfiguration: Invocation of init method failed; nested exception is org.springframework.data.repository.query.QueryCreationException: Could not create query for public abstract java.util.List lk.ijse.dep11.edupanel.repository.LecturerRepository.findVisitingLectures(); Reason: Failed to create query for method public abstract java.util.List lk.ijse.dep11.edupanel.repository.LecturerRepository.findVisitingLectures()! No property 'findVisitingLectures' found for type 'Lecturer'; nested exception is java.lang.IllegalArgumentException: Failed to create query for method public abstract java.util.List lk.ijse.dep11.edupanel.repository.LecturerRepository.findVisitingLectures()! No property 'findVisitingLectures' found for type 'Lecturer'
	at org.springframework.beans.factory.support.AbstractAutowireCapableBeanFactory.initializeBean(AbstractAutowireCapableBeanFactory.java:1804) ~[spring-beans-5.3.31.jar:5.3.31]
	at org.springframework.beans.factory.support.AbstractAutowireCapableBeanFactory.doCreateBean(AbstractAutowireCapableBeanFactory.java:620) ~[spring-beans-5.3.31.jar:5.3.31]
	at org.springframework.beans.factory.support.AbstractAutowireCapableBeanFactory.createBean(AbstractAutowireCapableBeanFactory.java:542) ~[spring-beans-5.3.31.jar:5.3.31]
	at org.springframework.beans.factory.support.AbstractBeanFactory.lambda$doGetBean$0(AbstractBeanFactory.java:335) ~[spring-beans-5.3.31.jar:5.3.31]
	at org.springframework.beans.factory.support.DefaultSingletonBeanRegistry.getSingleton(DefaultSingletonBeanRegistry.java:234) ~[spring-beans-5.3.31.jar:5.3.31]
	at org.springframework.beans.factory.support.AbstractBeanFactory.doGetBean(AbstractBeanFactory.java:333) ~[spring-beans-5.3.31.jar:5.3.31]
	at org.springframework.beans.factory.support.AbstractBeanFactory.getBean(AbstractBeanFactory.java:208) ~[spring-beans-5.3.31.jar:5.3.31]
	at org.springframework.beans.factory.config.DependencyDescriptor.resolveCandidate(DependencyDescriptor.java:276) ~[spring-beans-5.3.31.jar:5.3.31]
	at org.springframework.beans.factory.support.DefaultListableBeanFactory.doResolveDependency(DefaultListableBeanFactory.java:1391) ~[spring-beans-5.3.31.jar:5.3.31]
	at org.springframework.beans.factory.support.DefaultListableBeanFactory.resolveDependency(DefaultListableBeanFactory.java:1311) ~[spring-beans-5.3.31.jar:5.3.31]
	at org.springframework.beans.factory.support.ConstructorResolver.resolveAutowiredArgument(ConstructorResolver.java:911) ~[spring-beans-5.3.31.jar:5.3.31]
	at org.springframework.beans.factory.support.ConstructorResolver.createArgumentArray(ConstructorResolver.java:788) ~[spring-beans-5.3.31.jar:5.3.31]
	... 38 common frames omitted
Caused by: org.springframework.data.repository.query.QueryCreationException: Could not create query for public abstract java.util.List lk.ijse.dep11.edupanel.repository.LecturerRepository.findVisitingLectures(); Reason: Failed to create query for method public abstract java.util.List lk.ijse.dep11.edupanel.repository.LecturerRepository.findVisitingLectures()! No property 'findVisitingLectures' found for type 'Lecturer'; nested exception is java.lang.IllegalArgumentException: Failed to create query for method public abstract java.util.List lk.ijse.dep11.edupanel.repository.LecturerRepository.findVisitingLectures()! No property 'findVisitingLectures' found for type 'Lecturer'
	at org.springframework.data.repository.query.QueryCreationException.create(QueryCreationException.java:101) ~[spring-data-commons-2.7.18.jar:2.7.18]
	at org.springframework.data.repository.core.support.QueryExecutorMethodInterceptor.lookupQuery(QueryExecutorMethodInterceptor.java:107) ~[spring-data-commons-2.7.18.jar:2.7.18]
	at org.springframework.data.repository.core.support.QueryExecutorMethodInterceptor.lambda$mapMethodsToQuery$1(QueryExecutorMethodInterceptor.java:95) ~[spring-data-commons-2.7.18.jar:2.7.18]
	at java.base/java.util.stream.ReferencePipeline$3$1.accept(ReferencePipeline.java:195) ~[na:na]
	at java.base/java.util.Iterator.forEachRemaining(Iterator.java:133) ~[na:na]
	at java.base/java.util.Collections$UnmodifiableCollection$1.forEachRemaining(Collections.java:1054) ~[na:na]
	at java.base/java.util.Spliterators$IteratorSpliterator.forEachRemaining(Spliterators.java:1801) ~[na:na]
	at java.base/java.util.stream.AbstractPipeline.copyInto(AbstractPipeline.java:484) ~[na:na]
	at java.base/java.util.stream.AbstractPipeline.wrapAndCopyInto(AbstractPipeline.java:474) ~[na:na]
	at java.base/java.util.stream.ReduceOps$ReduceOp.evaluateSequential(ReduceOps.java:913) ~[na:na]
	at java.base/java.util.stream.AbstractPipeline.evaluate(AbstractPipeline.java:234) ~[na:na]
	at java.base/java.util.stream.ReferencePipeline.collect(ReferencePipeline.java:578) ~[na:na]
	at org.springframework.data.repository.core.support.QueryExecutorMethodInterceptor.mapMethodsToQuery(QueryExecutorMethodInterceptor.java:97) ~[spring-data-commons-2.7.18.jar:2.7.18]
	at org.springframework.data.repository.core.support.QueryExecutorMethodInterceptor.lambda$new$0(QueryExecutorMethodInterceptor.java:87) ~[spring-data-commons-2.7.18.jar:2.7.18]
	at java.base/java.util.Optional.map(Optional.java:265) ~[na:na]
	at org.springframework.data.repository.core.support.QueryExecutorMethodInterceptor.<init>(QueryExecutorMethodInterceptor.java:87) ~[spring-data-commons-2.7.18.jar:2.7.18]
	at org.springframework.data.repository.core.support.RepositoryFactorySupport.getRepository(RepositoryFactorySupport.java:365) ~[spring-data-commons-2.7.18.jar:2.7.18]
	at org.springframework.data.repository.core.support.RepositoryFactoryBeanSupport.lambda$afterPropertiesSet$5(RepositoryFactoryBeanSupport.java:323) ~[spring-data-commons-2.7.18.jar:2.7.18]
	at org.springframework.data.util.Lazy.getNullable(Lazy.java:231) ~[spring-data-commons-2.7.18.jar:2.7.18]
	at org.springframework.data.util.Lazy.get(Lazy.java:115) ~[spring-data-commons-2.7.18.jar:2.7.18]
	at org.springframework.data.repository.core.support.RepositoryFactoryBeanSupport.afterPropertiesSet(RepositoryFactoryBeanSupport.java:329) ~[spring-data-commons-2.7.18.jar:2.7.18]
	at org.springframework.data.jpa.repository.support.JpaRepositoryFactoryBean.afterPropertiesSet(JpaRepositoryFactoryBean.java:144) ~[spring-data-jpa-2.7.18.jar:2.7.18]
	at org.springframework.beans.factory.support.AbstractAutowireCapableBeanFactory.invokeInitMethods(AbstractAutowireCapableBeanFactory.java:1863) ~[spring-beans-5.3.31.jar:5.3.31]
	at org.springframework.beans.factory.support.AbstractAutowireCapableBeanFactory.initializeBean(AbstractAutowireCapableBeanFactory.java:1800) ~[spring-beans-5.3.31.jar:5.3.31]
	... 49 common frames omitted
Caused by: java.lang.IllegalArgumentException: Failed to create query for method public abstract java.util.List lk.ijse.dep11.edupanel.repository.LecturerRepository.findVisitingLectures()! No property 'findVisitingLectures' found for type 'Lecturer'
	at org.springframework.data.jpa.repository.query.PartTreeJpaQuery.<init>(PartTreeJpaQuery.java:96) ~[spring-data-jpa-2.7.18.jar:2.7.18]
	at org.springframework.data.jpa.repository.query.JpaQueryLookupStrategy$CreateQueryLookupStrategy.resolveQuery(JpaQueryLookupStrategy.java:119) ~[spring-data-jpa-2.7.18.jar:2.7.18]
	at org.springframework.data.jpa.repository.query.JpaQueryLookupStrategy$CreateIfNotFoundQueryLookupStrategy.resolveQuery(JpaQueryLookupStrategy.java:259) ~[spring-data-jpa-2.7.18.jar:2.7.18]
	at org.springframework.data.jpa.repository.query.JpaQueryLookupStrategy$AbstractQueryLookupStrategy.resolveQuery(JpaQueryLookupStrategy.java:93) ~[spring-data-jpa-2.7.18.jar:2.7.18]
	at org.springframework.data.repository.core.support.QueryExecutorMethodInterceptor.lookupQuery(QueryExecutorMethodInterceptor.java:103) ~[spring-data-commons-2.7.18.jar:2.7.18]
	... 71 common frames omitted
Caused by: org.springframework.data.mapping.PropertyReferenceException: No property 'findVisitingLectures' found for type 'Lecturer'
	at org.springframework.data.mapping.PropertyPath.<init>(PropertyPath.java:91) ~[spring-data-commons-2.7.18.jar:2.7.18]
	at org.springframework.data.mapping.PropertyPath.create(PropertyPath.java:438) ~[spring-data-commons-2.7.18.jar:2.7.18]
	at org.springframework.data.mapping.PropertyPath.create(PropertyPath.java:414) ~[spring-data-commons-2.7.18.jar:2.7.18]
	at org.springframework.data.mapping.PropertyPath.lambda$from$0(PropertyPath.java:367) ~[spring-data-commons-2.7.18.jar:2.7.18]
	at java.base/java.util.concurrent.ConcurrentMap.computeIfAbsent(ConcurrentMap.java:330) ~[na:na]
	at org.springframework.data.mapping.PropertyPath.from(PropertyPath.java:349) ~[spring-data-commons-2.7.18.jar:2.7.18]
	at org.springframework.data.mapping.PropertyPath.from(PropertyPath.java:332) ~[spring-data-commons-2.7.18.jar:2.7.18]
	at org.springframework.data.repository.query.parser.Part.<init>(Part.java:81) ~[spring-data-commons-2.7.18.jar:2.7.18]
	at org.springframework.data.repository.query.parser.PartTree$OrPart.lambda$new$0(PartTree.java:250) ~[spring-data-commons-2.7.18.jar:2.7.18]
	at java.base/java.util.stream.ReferencePipeline$3$1.accept(ReferencePipeline.java:195) ~[na:na]
	at java.base/java.util.stream.ReferencePipeline$2$1.accept(ReferencePipeline.java:177) ~[na:na]
	at java.base/java.util.Spliterators$ArraySpliterator.forEachRemaining(Spliterators.java:948) ~[na:na]
	at java.base/java.util.stream.AbstractPipeline.copyInto(AbstractPipeline.java:484) ~[na:na]
	at java.base/java.util.stream.AbstractPipeline.wrapAndCopyInto(AbstractPipeline.java:474) ~[na:na]
	at java.base/java.util.stream.ReduceOps$ReduceOp.evaluateSequential(ReduceOps.java:913) ~[na:na]
	at java.base/java.util.stream.AbstractPipeline.evaluate(AbstractPipeline.java:234) ~[na:na]
	at java.base/java.util.stream.ReferencePipeline.collect(ReferencePipeline.java:578) ~[na:na]
	at org.springframework.data.repository.query.parser.PartTree$OrPart.<init>(PartTree.java:251) ~[spring-data-commons-2.7.18.jar:2.7.18]
	at org.springframework.data.repository.query.parser.PartTree$Predicate.lambda$new$0(PartTree.java:384) ~[spring-data-commons-2.7.18.jar:2.7.18]
	at java.base/java.util.stream.ReferencePipeline$3$1.accept(ReferencePipeline.java:195) ~[na:na]
	at java.base/java.util.stream.ReferencePipeline$2$1.accept(ReferencePipeline.java:177) ~[na:na]
	at java.base/java.util.Spliterators$ArraySpliterator.forEachRemaining(Spliterators.java:948) ~[na:na]
	at java.base/java.util.stream.AbstractPipeline.copyInto(AbstractPipeline.java:484) ~[na:na]
	at java.base/java.util.stream.AbstractPipeline.wrapAndCopyInto(AbstractPipeline.java:474) ~[na:na]
	at java.base/java.util.stream.ReduceOps$ReduceOp.evaluateSequential(ReduceOps.java:913) ~[na:na]
	at java.base/java.util.stream.AbstractPipeline.evaluate(AbstractPipeline.java:234) ~[na:na]
	at java.base/java.util.stream.ReferencePipeline.collect(ReferencePipeline.java:578) ~[na:na]
	at org.springframework.data.repository.query.parser.PartTree$Predicate.<init>(PartTree.java:385) ~[spring-data-commons-2.7.18.jar:2.7.18]
	at org.springframework.data.repository.query.parser.PartTree.<init>(PartTree.java:93) ~[spring-data-commons-2.7.18.jar:2.7.18]
	at org.springframework.data.jpa.repository.query.PartTreeJpaQuery.<init>(PartTreeJpaQuery.java:89) ~[spring-data-jpa-2.7.18.jar:2.7.18]
	... 75 common frames omitted

2024-01-06 09:52:21.387  INFO 44363 --- [restartedMain] lk.ijse.dep11.edupanel.AppInitializer    : Starting AppInitializer using Java 11.0.15 on sura-boy-pc with PID 44363 (/home/ranjith-suranga/Documents/dep-11/final-phase/final-project/back-ends/edupanel-java-api/target/classes started by ranjith-suranga in /home/ranjith-suranga/Documents/dep-11/final-phase/final-project/back-ends/edupanel-java-api)
2024-01-06 09:52:21.388  INFO 44363 --- [restartedMain] lk.ijse.dep11.edupanel.AppInitializer    : No active profile set, falling back to 1 default profile: "default"
2024-01-06 09:52:21.742  INFO 44363 --- [restartedMain] .s.d.r.c.RepositoryConfigurationDelegate : Bootstrapping Spring Data JPA repositories in DEFAULT mode.
2024-01-06 09:52:21.759  INFO 44363 --- [restartedMain] .s.d.r.c.RepositoryConfigurationDelegate : Finished Spring Data repository scanning in 16 ms. Found 2 JPA repository interfaces.
2024-01-06 09:52:21.929  INFO 44363 --- [restartedMain] o.s.b.w.embedded.tomcat.TomcatWebServer  : Tomcat initialized with port(s): 8080 (http)
2024-01-06 09:52:21.931  INFO 44363 --- [restartedMain] o.apache.catalina.core.StandardService   : Starting service [Tomcat]
2024-01-06 09:52:21.931  INFO 44363 --- [restartedMain] org.apache.catalina.core.StandardEngine  : Starting Servlet engine: [Apache Tomcat/9.0.83]
2024-01-06 09:52:21.948  INFO 44363 --- [restartedMain] o.a.c.c.C.[Tomcat-2].[localhost].[/]     : Initializing Spring embedded WebApplicationContext
2024-01-06 09:52:21.949  INFO 44363 --- [restartedMain] w.s.c.ServletWebServerApplicationContext : Root WebApplicationContext: initialization completed in 551 ms
2024-01-06 09:52:21.994  INFO 44363 --- [restartedMain] com.zaxxer.hikari.HikariDataSource       : HikariPool-6 - Starting...
2024-01-06 09:52:22.040  INFO 44363 --- [restartedMain] com.zaxxer.hikari.HikariDataSource       : HikariPool-6 - Start completed.
2024-01-06 09:52:22.045  INFO 44363 --- [restartedMain] o.hibernate.jpa.internal.util.LogHelper  : HHH000204: Processing PersistenceUnitInfo [name: default]
2024-01-06 09:52:22.063  INFO 44363 --- [restartedMain] org.hibernate.dialect.Dialect            : HHH000400: Using dialect: org.hibernate.dialect.MySQL8Dialect
2024-01-06 09:52:22.279  INFO 44363 --- [restartedMain] o.h.e.t.j.p.i.JtaPlatformInitiator       : HHH000490: Using JtaPlatform implementation: [org.hibernate.engine.transaction.jta.platform.internal.NoJtaPlatform]
2024-01-06 09:52:22.280  INFO 44363 --- [restartedMain] j.LocalContainerEntityManagerFactoryBean : Initialized JPA EntityManagerFactory for persistence unit 'default'
2024-01-06 09:52:22.290  WARN 44363 --- [restartedMain] ConfigServletWebServerApplicationContext : Exception encountered during context initialization - cancelling refresh attempt: org.springframework.beans.factory.UnsatisfiedDependencyException: Error creating bean with name 'lecturerHttpController': Unsatisfied dependency expressed through field 'lecturerService'; nested exception is org.springframework.beans.factory.NoSuchBeanDefinitionException: No qualifying bean of type 'lk.ijse.dep11.edupanel.service.custom.LecturerService' available: expected at least 1 bean which qualifies as autowire candidate. Dependency annotations: {@org.springframework.beans.factory.annotation.Autowired(required=true)}
2024-01-06 09:52:22.290  INFO 44363 --- [restartedMain] j.LocalContainerEntityManagerFactoryBean : Closing JPA EntityManagerFactory for persistence unit 'default'
2024-01-06 09:52:22.291  INFO 44363 --- [restartedMain] com.zaxxer.hikari.HikariDataSource       : HikariPool-6 - Shutdown initiated...
2024-01-06 09:52:22.304  INFO 44363 --- [restartedMain] com.zaxxer.hikari.HikariDataSource       : HikariPool-6 - Shutdown completed.
2024-01-06 09:52:22.305  INFO 44363 --- [restartedMain] o.apache.catalina.core.StandardService   : Stopping service [Tomcat]
2024-01-06 09:52:22.316  INFO 44363 --- [restartedMain] ConditionEvaluationReportLoggingListener : 

Error starting ApplicationContext. To display the conditions report re-run your application with 'debug' enabled.
2024-01-06 09:52:22.324 ERROR 44363 --- [restartedMain] o.s.b.d.LoggingFailureAnalysisReporter   : 

***************************
APPLICATION FAILED TO START
***************************

Description:

Field lecturerService in lk.ijse.dep11.edupanel.api.LecturerHttpController required a bean of type 'lk.ijse.dep11.edupanel.service.custom.LecturerService' that could not be found.

The injection point has the following annotations:
	- @org.springframework.beans.factory.annotation.Autowired(required=true)


Action:

Consider defining a bean of type 'lk.ijse.dep11.edupanel.service.custom.LecturerService' in your configuration.

2024-01-06 09:52:23.776  INFO 44363 --- [restartedMain] lk.ijse.dep11.edupanel.AppInitializer    : Starting AppInitializer using Java 11.0.15 on sura-boy-pc with PID 44363 (/home/ranjith-suranga/Documents/dep-11/final-phase/final-project/back-ends/edupanel-java-api/target/classes started by ranjith-suranga in /home/ranjith-suranga/Documents/dep-11/final-phase/final-project/back-ends/edupanel-java-api)
2024-01-06 09:52:23.776  INFO 44363 --- [restartedMain] lk.ijse.dep11.edupanel.AppInitializer    : No active profile set, falling back to 1 default profile: "default"
2024-01-06 09:52:24.105  INFO 44363 --- [restartedMain] .s.d.r.c.RepositoryConfigurationDelegate : Bootstrapping Spring Data JPA repositories in DEFAULT mode.
2024-01-06 09:52:24.121  INFO 44363 --- [restartedMain] .s.d.r.c.RepositoryConfigurationDelegate : Finished Spring Data repository scanning in 15 ms. Found 3 JPA repository interfaces.
2024-01-06 09:52:24.300  INFO 44363 --- [restartedMain] o.s.b.w.embedded.tomcat.TomcatWebServer  : Tomcat initialized with port(s): 8080 (http)
2024-01-06 09:52:24.301  INFO 44363 --- [restartedMain] o.apache.catalina.core.StandardService   : Starting service [Tomcat]
2024-01-06 09:52:24.302  INFO 44363 --- [restartedMain] org.apache.catalina.core.StandardEngine  : Starting Servlet engine: [Apache Tomcat/9.0.83]
2024-01-06 09:52:24.319  INFO 44363 --- [restartedMain] o.a.c.c.C.[Tomcat-3].[localhost].[/]     : Initializing Spring embedded WebApplicationContext
2024-01-06 09:52:24.320  INFO 44363 --- [restartedMain] w.s.c.ServletWebServerApplicationContext : Root WebApplicationContext: initialization completed in 535 ms
2024-01-06 09:52:24.379  INFO 44363 --- [restartedMain] com.zaxxer.hikari.HikariDataSource       : HikariPool-7 - Starting...
2024-01-06 09:52:24.421  INFO 44363 --- [restartedMain] com.zaxxer.hikari.HikariDataSource       : HikariPool-7 - Start completed.
2024-01-06 09:52:24.424  INFO 44363 --- [restartedMain] o.hibernate.jpa.internal.util.LogHelper  : HHH000204: Processing PersistenceUnitInfo [name: default]
2024-01-06 09:52:24.431  INFO 44363 --- [restartedMain] org.hibernate.dialect.Dialect            : HHH000400: Using dialect: org.hibernate.dialect.MySQL8Dialect
2024-01-06 09:52:24.548  INFO 44363 --- [restartedMain] o.h.e.t.j.p.i.JtaPlatformInitiator       : HHH000490: Using JtaPlatform implementation: [org.hibernate.engine.transaction.jta.platform.internal.NoJtaPlatform]
2024-01-06 09:52:24.548  INFO 44363 --- [restartedMain] j.LocalContainerEntityManagerFactoryBean : Initialized JPA EntityManagerFactory for persistence unit 'default'
2024-01-06 09:52:25.580  WARN 44363 --- [restartedMain] JpaBaseConfiguration$JpaWebConfiguration : spring.jpa.open-in-view is enabled by default. Therefore, database queries may be performed during view rendering. Explicitly configure spring.jpa.open-in-view to disable this warning
2024-01-06 09:52:25.717  INFO 44363 --- [restartedMain] o.s.b.d.a.OptionalLiveReloadServer       : LiveReload server is running on port 35729
2024-01-06 09:52:25.728  INFO 44363 --- [restartedMain] o.s.b.w.embedded.tomcat.TomcatWebServer  : Tomcat started on port(s): 8080 (http) with context path ''
2024-01-06 09:52:25.733  INFO 44363 --- [restartedMain] lk.ijse.dep11.edupanel.AppInitializer    : Started AppInitializer in 1.998 seconds (JVM running for 1455.764)
2024-01-06 09:52:25.735  INFO 44363 --- [restartedMain] .ConditionEvaluationDeltaLoggingListener : Condition evaluation unchanged
2024-01-06 09:52:30.465  INFO 44363 --- [http-nio-8080-exec-2] o.a.c.c.C.[Tomcat-3].[localhost].[/]     : Initializing Spring DispatcherServlet 'dispatcherServlet'
2024-01-06 09:52:30.466  INFO 44363 --- [http-nio-8080-exec-2] o.s.web.servlet.DispatcherServlet        : Initializing Servlet 'dispatcherServlet'
2024-01-06 09:52:30.468  INFO 44363 --- [http-nio-8080-exec-2] o.s.web.servlet.DispatcherServlet        : Completed initialization in 1 ms
